<?xml version="1.0" encoding="UTF-8"?>
<!-- Generated by org.testng.reporters.JUnitReportReporter -->
<testsuite hostname="DESKTOP-JSER0GB" failures="0" tests="5" name="spotifyOauth2.PlaylistTests" time="10.709" errors="0" timestamp="2023-04-05T06:54:46 IST" skipped="0">
  <testcase classname="spotifyOauth2.PlaylistTests" name="invalidPayloadTest" time="0.241"/>
  <system-out/>
  <testcase classname="spotifyOauth2.PlaylistTests" name="updateAPlayList" time="0.291"/>
  <system-out/>
  <testcase classname="spotifyOauth2.PlaylistTests" name="invalidTokenTest" time="0.228"/>
  <system-out/>
  <testcase classname="spotifyOauth2.PlaylistTests" name="createPlayList" time="9.609"/>
  <system-out/>
  <testcase classname="spotifyOauth2.PlaylistTests" name="getAPlayList" time="0.340"/>
  <system-out/>
</testsuite> <!-- spotifyOauth2.PlaylistTests -->
