<?xml version="1.0" encoding="UTF-8"?>
<!-- Generated by org.testng.reporters.JUnitReportReporter -->
<testsuite hostname="DESKTOP-JSER0GB" failures="0" tests="1" name="Tests.Logging" time="5.365" errors="0" timestamp="2023-03-18T10:17:15 IST" skipped="0">
  <testcase classname="Tests.Logging" name="logs_verification" time="5.365"/>
  <system-out/>
</testsuite> <!-- Tests.Logging -->
