<?xml version="1.0" encoding="UTF-8"?>
<!-- Generated by org.testng.reporters.JUnitReportReporter -->
<testsuite hostname="DESKTOP-JSER0GB" failures="0" tests="1" name="Tests.MockTest" time="5.272" errors="0" timestamp="2023-03-24T12:31:28 IST" skipped="0">
  <testcase classname="Tests.MockTest" name="post_test" time="5.272"/>
  <system-out/>
</testsuite> <!-- Tests.MockTest -->
