<?xml version="1.0" encoding="UTF-8"?>
<!-- Generated by org.testng.reporters.JUnitReportReporter -->
<testsuite hostname="DESKTOP-JSER0GB" failures="0" tests="1" name="Tests.ValidationUsingHamcrest" time="6.665" errors="0" timestamp="2023-03-17T08:53:31 IST" skipped="0">
  <testcase classname="Tests.ValidationUsingHamcrest" name="validationUsingHamcrest" time="6.665"/>
  <system-out/>
</testsuite> <!-- Tests.ValidationUsingHamcrest -->
