<?xml version="1.0" encoding="UTF-8"?>
<!-- Generated by org.testng.reporters.JUnitReportReporter -->
<testsuite hostname="DESKTOP-JSER0GB" failures="0" tests="1" name="Tests.JsonValidation" time="5.995" errors="0" timestamp="2023-03-16T18:05:20 IST" skipped="0">
  <testcase classname="Tests.JsonValidation" name="json_validation" time="5.995"/>
  <system-out/>
</testsuite> <!-- Tests.JsonValidation -->
