<?xml version="1.0" encoding="UTF-8"?>
<!-- Generated by org.testng.reporters.JUnitReportReporter -->
<testsuite hostname="DESKTOP-JSER0GB" failures="0" tests="2" name="userCredOperations.User" time="5.189" errors="0" timestamp="2023-02-13T07:09:48 IST" skipped="0">
  <testcase classname="userCredOperations.User" name="getUser" time="4.043"/>
  <system-out/>
  <testcase classname="userCredOperations.User" name="createUser" time="1.146"/>
  <system-out/>
</testsuite> <!-- userCredOperations.User -->
