<?xml version="1.0" encoding="UTF-8"?>
<!-- Generated by org.testng.reporters.JUnitReportReporter -->
<testsuite hostname="DESKTOP-JSER0GB" failures="0" tests="1" name="Tests.Tests" time="5.085" errors="0" timestamp="2023-03-19T20:35:38 IST" skipped="0">
  <testcase classname="Tests.Tests" name="getMethod" time="5.085"/>
  <system-out/>
</testsuite> <!-- Tests.Tests -->
