<?xml version="1.0" encoding="UTF-8"?>
<!-- Generated by org.testng.reporters.JUnitReportReporter -->
<testsuite hostname="DESKTOP-JSER0GB" failures="0" tests="1" name="Tests.BddToNonBDD" time="7.019" errors="0" timestamp="2023-03-20T19:40:10 IST" skipped="0">
  <testcase classname="Tests.BddToNonBDD" name="create_workspace" time="7.019"/>
  <system-out/>
</testsuite> <!-- Tests.BddToNonBDD -->
